<?xml version="1.0" encoding="UTF-8"?>
<!-- Generated by org.testng.reporters.JUnitReportReporter -->
<testsuite hostname="RPLUSN06234" failures="0" tests="5" name="tests.LoginTest" time="27.658" errors="0" timestamp="2023-11-30T14:04:13 WIB" skipped="2">
  <testcase classname="tests.LoginTest" name="testPopUpHandling" time="10.289"/>
  <testcase classname="tests.LoginTest" name="testWaitPlayer" time="0.652"/>
  <testcase classname="tests.LoginTest" name="testLoginValidEmail" time="16.717"/>
  <testcase classname="tests.LoginTest" name="testLoginValidPhone">
    <skipped/>
  </testcase> <!-- testLoginValidPhone -->
  <testcase classname="tests.LoginTest" name="logout">
    <skipped/>
  </testcase> <!-- logout -->
</testsuite> <!-- tests.LoginTest -->
