<?xml version="1.0" encoding="UTF-8"?>
<!-- Generated by org.testng.reporters.JUnitReportReporter -->
<testsuite hostname="RPLUSN06234" failures="0" tests="4" name="tests.HomeTest" time="31.809" errors="0" timestamp="2024-01-27T08:56:11 WIB" skipped="1">
  <testcase classname="tests.HomeTest" name="testPopUpHandling" time="28.898"/>
  <testcase classname="tests.HomeTest" name="testWaitPlayer" time="0.153"/>
  <testcase classname="tests.HomeTest" name="testHome" time="2.758"/>
  <testcase classname="tests.HomeTest" name="testBannerMainHomepage">
    <skipped/>
  </testcase> <!-- testBannerMainHomepage -->
</testsuite> <!-- tests.HomeTest -->
